<?xml version="1.0" encoding="UTF-8"?>
<!-- Generated by org.testng.reporters.JUnitReportReporter -->
<testsuite hostname="DESKTOP-14DE18T" failures="0" tests="4" name="selenium.SwagLabsLoginTestDataProvider" time="53.706" errors="0" timestamp="2023-10-10T22:23:34 IST" skipped="0">
  <testcase classname="selenium.SwagLabsLoginTestDataProvider" name="loginToSwagLabStandardUser" time="19.673"/>
  <testcase classname="selenium.SwagLabsLoginTestDataProvider" name="loginToSwagLabStandardUser" time="9.322"/>
  <testcase classname="selenium.SwagLabsLoginTestDataProvider" name="loginToSwagLabStandardUser" time="15.925"/>
  <testcase classname="selenium.SwagLabsLoginTestDataProvider" name="loginToSwagLabStandardUser" time="8.786"/>
</testsuite> <!-- selenium.SwagLabsLoginTestDataProvider -->
