<?xml version="1.0" encoding="UTF-8"?>
<!-- Generated by org.testng.reporters.JUnitReportReporter -->
<testsuite hostname="DESKTOP-14DE18T" failures="0" tests="3" name="testngpractice.TestNGAnnotations" time="0.029" errors="0" timestamp="2023-10-03T18:33:00 IST" skipped="0">
  <testcase classname="testngpractice.TestNGAnnotations" name="test2" time="0.008"/>
  <testcase classname="testngpractice.TestNGAnnotations" name="test1" time="0.015"/>
  <testcase classname="testngpractice.TestNGAnnotations" name="test3" time="0.006"/>
</testsuite> <!-- testngpractice.TestNGAnnotations -->
