<?xml version="1.0" encoding="UTF-8"?>
<!-- Generated by org.testng.reporters.JUnitReportReporter -->
<testsuite hostname="DESKTOP-14DE18T" failures="0" tests="4" name="selenium.SwagLabLoginTest" time="70.975" errors="0" timestamp="2023-10-10T22:06:43 IST" skipped="0">
  <testcase classname="selenium.SwagLabLoginTest" name="loginWithGlitch" time="24.763"/>
  <testcase classname="selenium.SwagLabLoginTest" name="loginWithLocked" time="11.099"/>
  <testcase classname="selenium.SwagLabLoginTest" name="loginWithStandard" time="20.492"/>
  <testcase classname="selenium.SwagLabLoginTest" name="loginWithProblem" time="14.621"/>
</testsuite> <!-- selenium.SwagLabLoginTest -->
