<?xml version="1.0" encoding="UTF-8"?>
<!-- Generated by org.testng.reporters.JUnitReportReporter -->
<testsuite hostname="DESKTOP-14DE18T" failures="0" tests="5" name="testngpractice.TestNGPriorities" time="0.035" errors="0" timestamp="2023-10-03T18:40:20 IST" skipped="0">
  <testcase classname="testngpractice.TestNGPriorities" name="test1" time="0.014"/>
  <testcase classname="testngpractice.TestNGPriorities" name="test4" time="0.003"/>
  <testcase classname="testngpractice.TestNGPriorities" name="test5" time="0.007"/>
  <testcase classname="testngpractice.TestNGPriorities" name="test3" time="0.007"/>
  <testcase classname="testngpractice.TestNGPriorities" name="test2" time="0.004"/>
</testsuite> <!-- testngpractice.TestNGPriorities -->
