<?xml version="1.0" encoding="UTF-8"?>
<!-- Generated by org.testng.reporters.JUnitReportReporter -->
<testsuite hostname="DESKTOP-14DE18T" failures="0" tests="2" name="basic.FaceBookLoginTestPage" time="60.828" errors="0" timestamp="2023-10-04T15:22:26 IST" skipped="0">
  <testcase classname="basic.FaceBookLoginTestPage" name="loginWithInvalidUserNameAndValidPassword" time="54.195"/>
  <testcase classname="basic.FaceBookLoginTestPage" name="loginWithValidUsernameAndInvalidPassword" time="6.633"/>
</testsuite> <!-- basic.FaceBookLoginTestPage -->
