<?xml version="1.0" encoding="UTF-8"?>
<!-- Generated by org.testng.reporters.JUnitReportReporter -->
<testsuite hostname="DESKTOP-14DE18T" failures="0" tests="1" name="basic.SampleTest" time="0.020" errors="0" timestamp="2023-10-04T15:22:26 IST" skipped="0">
  <testcase classname="basic.SampleTest" name="test1" time="0.020"/>
</testsuite> <!-- basic.SampleTest -->
