<?xml version="1.0" encoding="UTF-8"?>
<!-- Generated by org.testng.reporters.JUnitReportReporter -->
<testsuite hostname="DESKTOP-14DE18T" failures="0" tests="3" name="basic.TestNGXMLPractice" time="0.041" errors="0" timestamp="2023-10-04T15:47:55 IST" skipped="0">
  <testcase classname="basic.TestNGXMLPractice" name="test" time="0.009"/>
  <testcase classname="basic.TestNGXMLPractice" name="test" time="0.010"/>
  <testcase classname="basic.TestNGXMLPractice" name="addition" time="0.022"/>
</testsuite> <!-- basic.TestNGXMLPractice -->
